<?xml version="1.0" encoding="UTF-8"?>
<robot generator="Robot 7.1 (Python 3.12.6 on win32)" generated="2024-09-15T10:51:45.074080" rpa="false" schemaversion="5">
<suite id="s1" name="RobotFrameworkReg" source="C:\Users\sohaib.ahmed\PycharmProjects\RobotFrameworkReg">
<suite id="s1-s1" name="TestCases" source="C:\Users\sohaib.ahmed\PycharmProjects\RobotFrameworkReg\TestCases">
<suite id="s1-s1-s1" name="RegistrationTest" source="C:\Users\sohaib.ahmed\PycharmProjects\RobotFrameworkReg\TestCases\RegistrationTest.robot">
<test id="s1-s1-s1-t1" name="RegistrationTest" line="21">
<kw name="Open Browser" owner="SeleniumLibrary">
<msg time="2024-09-15T10:51:45.615288" level="INFO">Opening browser 'chrome' to base url 'https://demo.guru99.com/test/newtours/'.</msg>
<arg>${URL}</arg>
<arg>${browser}</arg>
<doc>Opens a new browser instance to the optional ``url``.</doc>
<status status="PASS" start="2024-09-15T10:51:45.614288" elapsed="6.069005"/>
</kw>
<kw name="Maximize Browser Window" owner="SeleniumLibrary">
<doc>Maximizes current browser window.</doc>
<status status="PASS" start="2024-09-15T10:51:51.685288" elapsed="0.145852"/>
</kw>
<kw name="CLickRegistrationButton" owner="RegistrationKeywords">
<kw name="Click Link" owner="SeleniumLibrary">
<msg time="2024-09-15T10:51:51.836130" level="INFO">Clicking link 'xpath:/html/body/div[2]/table/tbody/tr/td[2]/table/tbody/tr[2]/td/table/tbody/tr/td[2]/a'.</msg>
<arg>${RegButton}</arg>
<doc>Clicks a link identified by ``locator``.</doc>
<status status="PASS" start="2024-09-15T10:51:51.833922" elapsed="0.892279"/>
</kw>
<status status="PASS" start="2024-09-15T10:51:51.833405" elapsed="0.892796"/>
</kw>
<kw name="InsertContactInformationSection" owner="RegistrationKeywords">
<kw name="Input Text" owner="SeleniumLibrary">
<msg time="2024-09-15T10:51:52.732117" level="INFO">Typing text 'Sohaib' into text field 'name:firstName'.</msg>
<arg>${firstNameField}</arg>
<arg>${FirstName}</arg>
<doc>Types the given ``text`` into the text field identified by ``locator``.</doc>
<status status="PASS" start="2024-09-15T10:51:52.730834" elapsed="0.701466"/>
</kw>
<kw name="Input Text" owner="SeleniumLibrary">
<msg time="2024-09-15T10:51:53.434296" level="INFO">Typing text 'Ahmed' into text field 'name:lastName'.</msg>
<arg>${lastNameField}</arg>
<arg>${LastName}</arg>
<doc>Types the given ``text`` into the text field identified by ``locator``.</doc>
<status status="PASS" start="2024-09-15T10:51:53.433298" elapsed="0.513326"/>
</kw>
<kw name="Input Text" owner="SeleniumLibrary">
<msg time="2024-09-15T10:51:53.947620" level="INFO">Typing text '0123456789' into text field 'name:phone'.</msg>
<arg>${phoneField}</arg>
<arg>${phone}</arg>
<doc>Types the given ``text`` into the text field identified by ``locator``.</doc>
<status status="PASS" start="2024-09-15T10:51:53.946624" elapsed="0.587997"/>
</kw>
<kw name="Input Text" owner="SeleniumLibrary">
<msg time="2024-09-15T10:51:54.535660" level="INFO">Typing text 'sa@gmail.com' into text field 'name:userName'.</msg>
<arg>${emailNameField}</arg>
<arg>${email}</arg>
<doc>Types the given ``text`` into the text field identified by ``locator``.</doc>
<status status="PASS" start="2024-09-15T10:51:54.534621" elapsed="0.560894"/>
</kw>
<arg>${FirstName}</arg>
<arg>${LastName}</arg>
<arg>${phone}</arg>
<arg>${email}</arg>
<status status="PASS" start="2024-09-15T10:51:52.728487" elapsed="2.367028"/>
</kw>
<kw name="InsertMailingInformationSection" owner="RegistrationKeywords">
<kw name="Input Text" owner="SeleniumLibrary">
<msg time="2024-09-15T10:51:55.100067" level="INFO">Typing text 'Hadayeek al ahram' into text field 'name:address1'.</msg>
<arg>${addressField}</arg>
<arg>${address}</arg>
<doc>Types the given ``text`` into the text field identified by ``locator``.</doc>
<status status="PASS" start="2024-09-15T10:51:55.099070" elapsed="0.683363"/>
</kw>
<kw name="Input Text" owner="SeleniumLibrary">
<msg time="2024-09-15T10:51:55.782433" level="INFO">Typing text 'Giza' into text field 'name:city'.</msg>
<arg>${cityField}</arg>
<arg>${city}</arg>
<doc>Types the given ``text`` into the text field identified by ``locator``.</doc>
<status status="PASS" start="2024-09-15T10:51:55.782433" elapsed="0.221438"/>
</kw>
<kw name="Input Text" owner="SeleniumLibrary">
<msg time="2024-09-15T10:51:56.004916" level="INFO">Typing text '12345' into text field 'name:postalCode'.</msg>
<arg>${postalCodeField}</arg>
<arg>${postalCode}</arg>
<doc>Types the given ``text`` into the text field identified by ``locator``.</doc>
<status status="PASS" start="2024-09-15T10:51:56.003871" elapsed="0.448487"/>
</kw>
<kw name="Input Text" owner="SeleniumLibrary">
<msg time="2024-09-15T10:51:56.453355" level="INFO">Typing text 'Cairo' into text field 'name:state'.</msg>
<arg>${stateField}</arg>
<arg>${state}</arg>
<doc>Types the given ``text`` into the text field identified by ``locator``.</doc>
<status status="PASS" start="2024-09-15T10:51:56.452358" elapsed="0.356296"/>
</kw>
<kw name="Select From List By Value" owner="SeleniumLibrary">
<msg time="2024-09-15T10:51:56.809647" level="INFO">Selecting options from selection list 'name:country' by value EGYPT.</msg>
<arg>${countryDropDown}</arg>
<arg>${country}</arg>
<doc>Selects options from selection list ``locator`` by ``values``.</doc>
<status status="PASS" start="2024-09-15T10:51:56.809647" elapsed="0.408335"/>
</kw>
<arg>${address}</arg>
<arg>${city}</arg>
<arg>${state}</arg>
<arg>${postalCode}</arg>
<arg>${country}</arg>
<status status="PASS" start="2024-09-15T10:51:55.097076" elapsed="2.120906"/>
</kw>
<kw name="InsertUserInformationSection" owner="RegistrationKeywords">
<kw name="Input Text" owner="SeleniumLibrary">
<msg time="2024-09-15T10:51:57.220974" level="INFO">Typing text 'sa@gmail.com' into text field 'name:email'.</msg>
<arg>${userNameField}</arg>
<arg>${userName}</arg>
<doc>Types the given ``text`` into the text field identified by ``locator``.</doc>
<status status="PASS" start="2024-09-15T10:51:57.220974" elapsed="0.564242"/>
</kw>
<kw name="Input Text" owner="SeleniumLibrary">
<msg time="2024-09-15T10:51:57.787221" level="INFO">Typing text 'Pa$$w0rd' into text field 'name:password'.</msg>
<arg>${passwordField}</arg>
<arg>${password}</arg>
<doc>Types the given ``text`` into the text field identified by ``locator``.</doc>
<status status="PASS" start="2024-09-15T10:51:57.786225" elapsed="0.513488"/>
</kw>
<kw name="Input Text" owner="SeleniumLibrary">
<msg time="2024-09-15T10:51:58.300263" level="INFO">Typing text 'Pa$$w0rd' into text field 'name:confirmPassword'.</msg>
<arg>${confirmPasswordField}</arg>
<arg>${confirmPassword}</arg>
<doc>Types the given ``text`` into the text field identified by ``locator``.</doc>
<status status="PASS" start="2024-09-15T10:51:58.300263" elapsed="0.469603"/>
</kw>
<arg>${email}</arg>
<arg>${password}</arg>
<arg>${confirmPassword}</arg>
<status status="PASS" start="2024-09-15T10:51:57.218979" elapsed="1.550887"/>
</kw>
<kw name="ClickSubmit" owner="RegistrationKeywords">
<kw name="Click Button" owner="SeleniumLibrary">
<msg time="2024-09-15T10:51:58.773071" level="INFO">Clicking button 'name:submit'.</msg>
<arg>${submitButton}</arg>
<doc>Clicks the button identified by ``locator``.</doc>
<status status="PASS" start="2024-09-15T10:51:58.772075" elapsed="1.592108"/>
</kw>
<status status="PASS" start="2024-09-15T10:51:58.771060" elapsed="1.593633"/>
</kw>
<kw name="Sleep" owner="BuiltIn">
<msg time="2024-09-15T10:52:03.367093" level="INFO">Slept 3 seconds.</msg>
<arg>3</arg>
<doc>Pauses the test executed for the given time.</doc>
<status status="PASS" start="2024-09-15T10:52:00.366696" elapsed="3.000397"/>
</kw>
<kw name="Verify Successful Registration" owner="RegistrationKeywords">
<kw name="Page Should Contain" owner="SeleniumLibrary">
<msg time="2024-09-15T10:52:03.457015" level="INFO">Current page contains text 'Thank you for registering.'.</msg>
<arg>Thank you for registering.</arg>
<doc>Verifies that current page contains ``text``.</doc>
<status status="PASS" start="2024-09-15T10:52:03.368608" elapsed="0.088407"/>
</kw>
<status status="PASS" start="2024-09-15T10:52:03.368098" elapsed="0.088917"/>
</kw>
<kw name="Sleep" owner="BuiltIn">
<msg time="2024-09-15T10:52:05.459418" level="INFO">Slept 2 seconds.</msg>
<arg>2</arg>
<doc>Pauses the test executed for the given time.</doc>
<status status="PASS" start="2024-09-15T10:52:03.458967" elapsed="2.000451"/>
</kw>
<status status="PASS" start="2024-09-15T10:51:45.609313" elapsed="19.851185"/>
</test>
<status status="PASS" start="2024-09-15T10:51:45.160519" elapsed="20.304014"/>
</suite>
<status status="PASS" start="2024-09-15T10:51:45.155692" elapsed="20.312866"/>
</suite>
<status status="PASS" start="2024-09-15T10:51:45.075998" elapsed="20.397200"/>
</suite>
<statistics>
<total>
<stat pass="1" fail="0" skip="0">All Tests</stat>
</total>
<tag>
</tag>
<suite>
<stat pass="1" fail="0" skip="0" id="s1" name="RobotFrameworkReg">RobotFrameworkReg</stat>
<stat pass="1" fail="0" skip="0" id="s1-s1" name="TestCases">RobotFrameworkReg.TestCases</stat>
<stat pass="1" fail="0" skip="0" id="s1-s1-s1" name="RegistrationTest">RobotFrameworkReg.TestCases.RegistrationTest</stat>
</suite>
</statistics>
<errors>
</errors>
</robot>
